0 info it worked if it ends with ok
1 verbose cli [ '/usr/bin/nodejs', '/usr/bin/npm', 'run', 'start:dev' ]
2 info using npm@3.5.2
3 info using node@v4.2.6
4 verbose run-script [ 'prestart:dev', 'start:dev', 'poststart:dev' ]
5 info lifecycle property-finder@1.0.0~prestart:dev: property-finder@1.0.0
6 silly lifecycle property-finder@1.0.0~prestart:dev: no script for prestart:dev, continuing
7 info lifecycle property-finder@1.0.0~start:dev: property-finder@1.0.0
8 verbose lifecycle property-finder@1.0.0~start:dev: unsafe-perm in lifecycle true
9 verbose lifecycle property-finder@1.0.0~start:dev: PATH: /usr/share/npm/bin/node-gyp-bin:/vagrant/sites/property-finder/node_modules/.bin:/usr/local/sbin:/usr/local/bin:/usr/sbin:/usr/bin:/sbin:/bin:/snap/bin
10 verbose lifecycle property-finder@1.0.0~start:dev: CWD: /vagrant/sites/property-finder
11 silly lifecycle property-finder@1.0.0~start:dev: Args: [ '-c', 'nodemon ./bin/www' ]
12 info lifecycle property-finder@1.0.0~start:dev: Failed to exec start:dev script
13 verbose stack Error: property-finder@1.0.0 start:dev: `nodemon ./bin/www`
13 verbose stack spawn ENOENT
13 verbose stack     at ChildProcess.<anonymous> (/usr/share/npm/lib/utils/spawn.js:17:16)
13 verbose stack     at emitTwo (events.js:87:13)
13 verbose stack     at ChildProcess.emit (events.js:172:7)
13 verbose stack     at maybeClose (internal/child_process.js:821:16)
13 verbose stack     at Process.ChildProcess._handle.onexit (internal/child_process.js:211:5)
14 verbose pkgid property-finder@1.0.0
15 verbose cwd /vagrant/sites/property-finder
16 error Linux 4.4.0-97-generic
17 error argv "/usr/bin/nodejs" "/usr/bin/npm" "run" "start:dev"
18 error node v4.2.6
19 error npm  v3.5.2
20 error file sh
21 error code ELIFECYCLE
22 error errno ENOENT
23 error syscall spawn
24 error property-finder@1.0.0 start:dev: `nodemon ./bin/www`
24 error spawn ENOENT
25 error Failed at the property-finder@1.0.0 start:dev script 'nodemon ./bin/www'.
25 error Make sure you have the latest version of node.js and npm installed.
25 error If you do, this is most likely a problem with the property-finder package,
25 error not with npm itself.
25 error Tell the author that this fails on your system:
25 error     nodemon ./bin/www
25 error You can get information on how to open an issue for this project with:
25 error     npm bugs property-finder
25 error Or if that isn't available, you can get their info via:
25 error     npm owner ls property-finder
25 error There is likely additional logging output above.
26 verbose exit [ 1, true ]
